<?xml version="1.0" encoding="UTF-8"?>
<testsuite xmlns:xsi="http://www.w3.org/2001/XMLSchema-instance" xsi:noNamespaceSchemaLocation="https://maven.apache.org/surefire/maven-surefire-plugin/xsd/surefire-test-report.xsd" name="UserDAOTests" time="10.907" tests="2" errors="0" skipped="0" failures="0">
  <properties>
[...]
</properties>
  <testcase name="displayUser_Success" classname="UserDAOTests" time="10.725"/>
  <testcase name="loginUser_Success" classname="UserDAOTests" time="0.087"/>
</testsuite>